2022-06-18 15:47:04,547 INFO [simulation-thread-7] p.n.p.h.MqttClient [NativeMethodAccessorImpl.java:-2] adding processor
2022-06-18 15:47:04,554 INFO [simulation-thread-7] p.n.p.h.MqttClient [NativeMethodAccessorImpl.java:-2] adding processor
2022-06-18 15:47:04,558 INFO [simulation-thread-3] Playground [NativeMethodAccessorImpl.java:-2] start_request_service:productHolon[4]:serv1
2022-06-18 15:47:04,950 INFO [simulation-thread-3] rhm-001 [SubstituteLogger.java:169] Subscribing to: com/nfriacowboy/presib/holon/mqtt/net/rhm-001
2022-06-18 15:47:04,977 INFO [simulation-thread-3] rhm-001 [SubstituteLogger.java:169] Subscrived on : com/nfriacowboy/presib/holon/mqtt/net/rhm-001
2022-06-18 15:47:04,986 INFO [simulation-thread-3] rht-001 [SubstituteLogger.java:169] Subscribing to: com/nfriacowboy/presib/holon/mqtt/net/rht-001
2022-06-18 15:47:05,004 INFO [simulation-thread-3] rht-001 [SubstituteLogger.java:169] Subscrived on : com/nfriacowboy/presib/holon/mqtt/net/rht-001
2022-06-18 15:47:05,097 INFO [simulation-thread-3] Playground [NativeMethodAccessorImpl.java:-2] provider_ready:rhm-001:resourceHolon[5]
2022-06-18 15:47:05,133 INFO [simulation-thread-3] p.n.p.h.MqttClient [SubstituteLogger.java:169] Send 
	 message: 'ready' 
	 topic: com/nfriacowboy/presib/holon/mqtt/device/rhm-001
2022-06-18 15:47:05,133 INFO [simulation-thread-3] rhm-001 [SubstituteLogger.java:169] Publishing message: ready
2022-06-18 15:47:05,158 INFO [simulation-thread-3] rhm-001 [SubstituteLogger.java:169] message sent
2022-06-18 15:47:05,165 INFO [simulation-thread-3] p.n.p.h.MqttClient [SubstituteLogger.java:169] Send 
	 message: 'ready' 
	 topic: com/nfriacowboy/presib/holon/mqtt/device/rht-001
2022-06-18 15:47:05,165 INFO [simulation-thread-3] rht-001 [SubstituteLogger.java:169] Publishing message: ready
2022-06-18 15:47:05,190 INFO [simulation-thread-3] rht-001 [SubstituteLogger.java:169] message sent
2022-06-18 15:47:05,297 INFO [simulation-thread-3] Playground [NativeMethodAccessorImpl.java:-2] end_request_service:productHolon[4]:serv1
2022-06-18 15:47:05,329 INFO [simulation-thread-3] Playground [NativeMethodAccessorImpl.java:-2] provider_service:rhm-001:serv1
2022-06-18 15:47:05,359 INFO [MQTT Call: rht-001] p.n.p.h.MqttClient [SubstituteLogger.java:169]  Simple subscribe transition should be trigger now and process this r
2022-06-18 15:47:05,359 INFO [MQTT Call: rht-001] p.n.p.h.MqttClient [SubstituteLogger.java:169] sending message to processor
2022-06-18 15:47:05,360 INFO [MQTT Call: rht-001] p.n.p.h.MqttClient [SubstituteLogger.java:169] message sent
2022-06-18 15:47:05,383 INFO [simulation-thread-3] Playground [NativeMethodAccessorImpl.java:-2] start_request_service:productHolon[4]:transport
2022-06-18 15:47:05,424 INFO [MQTT Call: rhm-001] p.n.p.h.MqttClient [SubstituteLogger.java:169]  Simple subscribe transition should be trigger now and process this r
2022-06-18 15:47:05,424 INFO [MQTT Call: rhm-001] p.n.p.h.MqttClient [SubstituteLogger.java:169] sending message to processor
2022-06-18 15:47:05,424 INFO [MQTT Call: rhm-001] p.n.p.h.MqttClient [SubstituteLogger.java:169] message sent
2022-06-18 15:47:05,435 INFO [simulation-thread-3] Playground [NativeMethodAccessorImpl.java:-2] end_request_service:productHolon[4]:transport
2022-06-18 15:47:05,453 INFO [simulation-thread-3] Playground [NativeMethodAccessorImpl.java:-2] provider_ready:rhm-001:resourceHolon[5]
2022-06-18 15:47:05,460 INFO [simulation-thread-3] Playground [NativeMethodAccessorImpl.java:-2] provider_service:rht-001:transport
2022-06-18 15:47:05,484 INFO [simulation-thread-3] Playground [NativeMethodAccessorImpl.java:-2] provider_ready:rht-001:resourceHolon[9]
2022-06-18 15:47:05,515 INFO [simulation-thread-3] p.n.p.h.MqttClient [SubstituteLogger.java:169] Send 
	 message: 'load' 
	 topic: com/nfriacowboy/presib/holon/mqtt/device/rht-001
2022-06-18 15:47:05,516 INFO [simulation-thread-3] rht-001 [SubstituteLogger.java:169] Publishing message: load
2022-06-18 15:47:05,538 INFO [simulation-thread-3] rht-001 [SubstituteLogger.java:169] message sent
2022-06-18 15:47:05,549 INFO [simulation-thread-3] Playground [NativeMethodAccessorImpl.java:-2] start_service:rht-001:productHolon[4]
2022-06-18 15:47:05,634 INFO [MQTT Call: rht-001] p.n.p.h.MqttClient [SubstituteLogger.java:169]  Simple subscribe transition should be trigger now and process this l
2022-06-18 15:47:05,635 INFO [MQTT Call: rht-001] p.n.p.h.MqttClient [SubstituteLogger.java:169] sending message to processor
2022-06-18 15:47:05,635 INFO [MQTT Call: rht-001] p.n.p.h.MqttClient [SubstituteLogger.java:169] message sent
2022-06-18 15:47:05,644 INFO [simulation-thread-3] Playground [NativeMethodAccessorImpl.java:-2] start_service:rht-001:productHolon[4]
2022-06-18 15:47:05,645 INFO [simulation-thread-3] p.n.p.h.MqttClient [SubstituteLogger.java:169] Send 
	 message: 'start_service' 
	 topic: com/nfriacowboy/presib/holon/mqtt/device/rht-001
2022-06-18 15:47:05,647 INFO [simulation-thread-3] rht-001 [SubstituteLogger.java:169] Publishing message: start_service
2022-06-18 15:47:05,668 INFO [simulation-thread-3] rht-001 [SubstituteLogger.java:169] message sent
2022-06-18 15:47:05,688 INFO [simulation-thread-3] Playground [NativeMethodAccessorImpl.java:-2] end_service:rht-001:productHolon[4]
2022-06-18 15:47:05,721 INFO [MQTT Call: rht-001] p.n.p.h.MqttClient [SubstituteLogger.java:169]  Simple subscribe transition should be trigger now and process this s
2022-06-18 15:47:05,722 INFO [MQTT Call: rht-001] p.n.p.h.MqttClient [SubstituteLogger.java:169] sending message to processor
2022-06-18 15:47:05,722 INFO [MQTT Call: rht-001] p.n.p.h.MqttClient [SubstituteLogger.java:169] message sent
2022-06-18 15:47:05,875 INFO [MQTT Call: rht-001] p.n.p.h.MqttClient [SubstituteLogger.java:169]  Simple subscribe transition should be trigger now and process this e
2022-06-18 15:47:05,876 INFO [MQTT Call: rht-001] p.n.p.h.MqttClient [SubstituteLogger.java:169] sending message to processor
2022-06-18 15:47:05,876 INFO [MQTT Call: rht-001] p.n.p.h.MqttClient [SubstituteLogger.java:169] message sent
2022-06-18 15:47:05,882 INFO [simulation-thread-3] Playground [NativeMethodAccessorImpl.java:-2] end_service:rht-001:productHolon[4]
2022-06-18 15:47:05,891 INFO [simulation-thread-3] p.n.p.h.MqttClient [SubstituteLogger.java:169] Send 
	 message: 'unload' 
	 topic: com/nfriacowboy/presib/holon/mqtt/device/rht-001
2022-06-18 15:47:05,892 INFO [simulation-thread-3] rht-001 [SubstituteLogger.java:169] Publishing message: unload
2022-06-18 15:47:05,915 INFO [simulation-thread-3] rht-001 [SubstituteLogger.java:169] message sent
2022-06-18 15:47:05,964 INFO [simulation-thread-3] p.n.p.h.MqttClient [SubstituteLogger.java:169] Send 
	 message: 'load' 
	 topic: com/nfriacowboy/presib/holon/mqtt/device/rhm-001
2022-06-18 15:47:05,965 INFO [simulation-thread-3] rhm-001 [SubstituteLogger.java:169] Publishing message: load
2022-06-18 15:47:05,992 INFO [simulation-thread-3] rhm-001 [SubstituteLogger.java:169] message sent
2022-06-18 15:47:05,996 INFO [simulation-thread-3] Playground [NativeMethodAccessorImpl.java:-2] start_service:rhm-001:productHolon[4]
2022-06-18 15:47:06,117 INFO [MQTT Call: rht-001] p.n.p.h.MqttClient [SubstituteLogger.java:169]  Simple subscribe transition should be trigger now and process this u
2022-06-18 15:47:06,122 INFO [MQTT Call: rht-001] p.n.p.h.MqttClient [SubstituteLogger.java:169] sending message to processor
2022-06-18 15:47:06,123 INFO [MQTT Call: rht-001] p.n.p.h.MqttClient [SubstituteLogger.java:169] message sent
2022-06-18 15:47:06,130 INFO [simulation-thread-3] p.n.p.h.MqttClient [SubstituteLogger.java:169] Send 
	 message: 'ready' 
	 topic: com/nfriacowboy/presib/holon/mqtt/device/rht-001
2022-06-18 15:47:06,133 INFO [simulation-thread-3] rht-001 [SubstituteLogger.java:169] Publishing message: ready
2022-06-18 15:47:06,160 INFO [simulation-thread-3] rht-001 [SubstituteLogger.java:169] message sent
2022-06-18 15:47:06,215 INFO [MQTT Call: rhm-001] p.n.p.h.MqttClient [SubstituteLogger.java:169]  Simple subscribe transition should be trigger now and process this l
2022-06-18 15:47:06,216 INFO [MQTT Call: rhm-001] p.n.p.h.MqttClient [SubstituteLogger.java:169] sending message to processor
2022-06-18 15:47:06,216 INFO [MQTT Call: rhm-001] p.n.p.h.MqttClient [SubstituteLogger.java:169] message sent
2022-06-18 15:47:06,221 INFO [simulation-thread-3] Playground [NativeMethodAccessorImpl.java:-2] start_service:rhm-001:productHolon[4]
2022-06-18 15:47:06,222 INFO [simulation-thread-3] p.n.p.h.MqttClient [SubstituteLogger.java:169] Send 
	 message: 'start_service' 
	 topic: com/nfriacowboy/presib/holon/mqtt/device/rhm-001
2022-06-18 15:47:06,223 INFO [simulation-thread-3] rhm-001 [SubstituteLogger.java:169] Publishing message: start_service
2022-06-18 15:47:06,244 INFO [simulation-thread-3] rhm-001 [SubstituteLogger.java:169] message sent
2022-06-18 15:47:06,284 INFO [MQTT Call: rht-001] p.n.p.h.MqttClient [SubstituteLogger.java:169]  Simple subscribe transition should be trigger now and process this r
2022-06-18 15:47:06,284 INFO [MQTT Call: rht-001] p.n.p.h.MqttClient [SubstituteLogger.java:169] sending message to processor
2022-06-18 15:47:06,284 INFO [MQTT Call: rht-001] p.n.p.h.MqttClient [SubstituteLogger.java:169] message sent
2022-06-18 15:47:06,291 INFO [simulation-thread-3] Playground [NativeMethodAccessorImpl.java:-2] provider_ready:rht-001:resourceHolon[9]
2022-06-18 15:47:06,445 INFO [MQTT Call: rhm-001] p.n.p.h.MqttClient [SubstituteLogger.java:169]  Simple subscribe transition should be trigger now and process this s
2022-06-18 15:47:06,446 INFO [MQTT Call: rhm-001] p.n.p.h.MqttClient [SubstituteLogger.java:169] sending message to processor
2022-06-18 15:47:06,446 INFO [MQTT Call: rhm-001] p.n.p.h.MqttClient [SubstituteLogger.java:169] message sent
2022-06-18 15:47:06,581 INFO [MQTT Call: rhm-001] p.n.p.h.MqttClient [SubstituteLogger.java:169]  Simple subscribe transition should be trigger now and process this e
2022-06-18 15:47:06,581 INFO [MQTT Call: rhm-001] p.n.p.h.MqttClient [SubstituteLogger.java:169] sending message to processor
2022-06-18 15:47:06,582 INFO [MQTT Call: rhm-001] p.n.p.h.MqttClient [SubstituteLogger.java:169] message sent
2022-06-18 15:47:06,587 INFO [simulation-thread-3] Playground [null:-1] end_service:rhm-001:productHolon[4]
2022-06-18 15:47:06,593 INFO [simulation-thread-3] p.n.p.h.MqttClient [SubstituteLogger.java:169] Send 
	 message: 'unload' 
	 topic: com/nfriacowboy/presib/holon/mqtt/device/rhm-001
2022-06-18 15:47:06,594 INFO [simulation-thread-3] rhm-001 [SubstituteLogger.java:169] Publishing message: unload
2022-06-18 15:47:06,613 INFO [simulation-thread-3] rhm-001 [SubstituteLogger.java:169] message sent
2022-06-18 15:47:06,629 INFO [simulation-thread-3] Playground [null:-1] start_request_service:productHolon[4]:serv2
2022-06-18 15:47:06,636 INFO [simulation-thread-3] Playground [null:-1] end_request_service:productHolon[4]:serv2
2022-06-18 15:47:06,647 INFO [simulation-thread-3] Playground [null:-1] provider_service:rhm-001:serv2
2022-06-18 15:47:06,663 INFO [simulation-thread-3] Playground [null:-1] start_request_service:productHolon[4]:transport
2022-06-18 15:47:06,667 INFO [simulation-thread-3] Playground [null:-1] end_request_service:productHolon[4]:transport
2022-06-18 15:47:06,670 INFO [simulation-thread-3] Playground [null:-1] provider_service:rht-001:transport
2022-06-18 15:47:06,699 INFO [simulation-thread-3] Playground [null:-1] start_service:rht-001:productHolon[4]
2022-06-18 15:47:06,700 INFO [simulation-thread-3] p.n.p.h.MqttClient [SubstituteLogger.java:169] Send 
	 message: 'load' 
	 topic: com/nfriacowboy/presib/holon/mqtt/device/rht-001
2022-06-18 15:47:06,701 INFO [simulation-thread-3] rht-001 [SubstituteLogger.java:169] Publishing message: load
2022-06-18 15:47:06,726 INFO [simulation-thread-3] rht-001 [SubstituteLogger.java:169] message sent
2022-06-18 15:47:06,841 INFO [MQTT Call: rhm-001] p.n.p.h.MqttClient [SubstituteLogger.java:169]  Simple subscribe transition should be trigger now and process this u
2022-06-18 15:47:06,841 INFO [MQTT Call: rhm-001] p.n.p.h.MqttClient [SubstituteLogger.java:169] sending message to processor
2022-06-18 15:47:06,841 INFO [MQTT Call: rhm-001] p.n.p.h.MqttClient [SubstituteLogger.java:169] message sent
2022-06-18 15:47:06,849 INFO [simulation-thread-3] p.n.p.h.MqttClient [SubstituteLogger.java:169] Send 
	 message: 'ready' 
	 topic: com/nfriacowboy/presib/holon/mqtt/device/rhm-001
2022-06-18 15:47:06,849 INFO [simulation-thread-3] rhm-001 [SubstituteLogger.java:169] Publishing message: ready
2022-06-18 15:47:06,880 INFO [MQTT Call: rht-001] p.n.p.h.MqttClient [SubstituteLogger.java:169]  Simple subscribe transition should be trigger now and process this l
2022-06-18 15:47:06,880 INFO [MQTT Call: rht-001] p.n.p.h.MqttClient [SubstituteLogger.java:169] sending message to processor
2022-06-18 15:47:06,881 INFO [MQTT Call: rht-001] p.n.p.h.MqttClient [SubstituteLogger.java:169] message sent
2022-06-18 15:47:07,009 INFO [simulation-thread-3] rhm-001 [SubstituteLogger.java:169] message sent
2022-06-18 15:47:07,017 INFO [simulation-thread-3] Playground [null:-1] start_service:rht-001:productHolon[4]
2022-06-18 15:47:07,017 INFO [simulation-thread-3] p.n.p.h.MqttClient [SubstituteLogger.java:169] Send 
	 message: 'start_service' 
	 topic: com/nfriacowboy/presib/holon/mqtt/device/rht-001
2022-06-18 15:47:07,018 INFO [simulation-thread-3] rht-001 [SubstituteLogger.java:169] Publishing message: start_service
2022-06-18 15:47:07,148 INFO [simulation-thread-3] rht-001 [SubstituteLogger.java:169] message sent
2022-06-18 15:47:07,225 INFO [MQTT Call: rhm-001] p.n.p.h.MqttClient [SubstituteLogger.java:169]  Simple subscribe transition should be trigger now and process this r
2022-06-18 15:47:07,226 INFO [MQTT Call: rhm-001] p.n.p.h.MqttClient [SubstituteLogger.java:169] sending message to processor
2022-06-18 15:47:07,226 INFO [MQTT Call: rhm-001] p.n.p.h.MqttClient [SubstituteLogger.java:169] message sent
2022-06-18 15:47:07,235 INFO [simulation-thread-3] Playground [null:-1] provider_ready:rhm-001:resourceHolon[5]
2022-06-18 15:47:07,288 INFO [MQTT Call: rht-001] p.n.p.h.MqttClient [SubstituteLogger.java:169]  Simple subscribe transition should be trigger now and process this s
2022-06-18 15:47:07,288 INFO [MQTT Call: rht-001] p.n.p.h.MqttClient [SubstituteLogger.java:169] sending message to processor
2022-06-18 15:47:07,288 INFO [MQTT Call: rht-001] p.n.p.h.MqttClient [SubstituteLogger.java:169] message sent
2022-06-18 15:47:07,336 INFO [MQTT Call: rht-001] p.n.p.h.MqttClient [SubstituteLogger.java:169]  Simple subscribe transition should be trigger now and process this e
2022-06-18 15:47:07,336 INFO [MQTT Call: rht-001] p.n.p.h.MqttClient [SubstituteLogger.java:169] sending message to processor
2022-06-18 15:47:07,337 INFO [MQTT Call: rht-001] p.n.p.h.MqttClient [SubstituteLogger.java:169] message sent
2022-06-18 15:47:07,340 INFO [simulation-thread-3] Playground [null:-1] end_service:rht-001:productHolon[4]
2022-06-18 15:47:07,353 INFO [simulation-thread-3] p.n.p.h.MqttClient [SubstituteLogger.java:169] Send 
	 message: 'unload' 
	 topic: com/nfriacowboy/presib/holon/mqtt/device/rht-001
2022-06-18 15:47:07,354 INFO [simulation-thread-3] rht-001 [SubstituteLogger.java:169] Publishing message: unload
2022-06-18 15:47:07,376 INFO [simulation-thread-3] rht-001 [SubstituteLogger.java:169] message sent
2022-06-18 15:47:07,383 INFO [simulation-thread-3] p.n.p.h.MqttClient [SubstituteLogger.java:169] Send 
	 message: 'load' 
	 topic: com/nfriacowboy/presib/holon/mqtt/device/rhm-001
2022-06-18 15:47:07,384 INFO [simulation-thread-3] rhm-001 [SubstituteLogger.java:169] Publishing message: load
2022-06-18 15:47:07,405 INFO [simulation-thread-3] rhm-001 [SubstituteLogger.java:169] message sent
2022-06-18 15:47:07,408 INFO [simulation-thread-3] Playground [null:-1] start_service:rhm-001:productHolon[4]
2022-06-18 15:47:07,501 INFO [MQTT Call: rht-001] p.n.p.h.MqttClient [SubstituteLogger.java:169]  Simple subscribe transition should be trigger now and process this u
2022-06-18 15:47:07,501 INFO [MQTT Call: rht-001] p.n.p.h.MqttClient [SubstituteLogger.java:169] sending message to processor
2022-06-18 15:47:07,501 INFO [MQTT Call: rht-001] p.n.p.h.MqttClient [SubstituteLogger.java:169] message sent
2022-06-18 15:47:07,516 INFO [simulation-thread-3] p.n.p.h.MqttClient [SubstituteLogger.java:169] Send 
	 message: 'ready' 
	 topic: com/nfriacowboy/presib/holon/mqtt/device/rht-001
2022-06-18 15:47:07,517 INFO [simulation-thread-3] rht-001 [SubstituteLogger.java:169] Publishing message: ready
2022-06-18 15:47:07,541 INFO [simulation-thread-3] rht-001 [SubstituteLogger.java:169] message sent
2022-06-18 15:47:07,594 INFO [MQTT Call: rhm-001] p.n.p.h.MqttClient [SubstituteLogger.java:169]  Simple subscribe transition should be trigger now and process this l
2022-06-18 15:47:07,595 INFO [MQTT Call: rhm-001] p.n.p.h.MqttClient [SubstituteLogger.java:169] sending message to processor
2022-06-18 15:47:07,595 INFO [MQTT Call: rhm-001] p.n.p.h.MqttClient [SubstituteLogger.java:169] message sent
2022-06-18 15:47:07,599 INFO [simulation-thread-3] Playground [null:-1] start_service:rhm-001:productHolon[4]
2022-06-18 15:47:07,600 INFO [simulation-thread-3] p.n.p.h.MqttClient [SubstituteLogger.java:169] Send 
	 message: 'start_service' 
	 topic: com/nfriacowboy/presib/holon/mqtt/device/rhm-001
2022-06-18 15:47:07,601 INFO [simulation-thread-3] rhm-001 [SubstituteLogger.java:169] Publishing message: start_service
2022-06-18 15:47:07,633 INFO [simulation-thread-3] rhm-001 [SubstituteLogger.java:169] message sent
2022-06-18 15:47:07,635 INFO [simulation-thread-3] Playground [null:-1] end_service:rhm-001:productHolon[4]
2022-06-18 15:47:07,746 INFO [MQTT Call: rht-001] p.n.p.h.MqttClient [SubstituteLogger.java:169]  Simple subscribe transition should be trigger now and process this r
2022-06-18 15:47:07,747 INFO [MQTT Call: rht-001] p.n.p.h.MqttClient [SubstituteLogger.java:169] sending message to processor
2022-06-18 15:47:07,747 INFO [MQTT Call: rht-001] p.n.p.h.MqttClient [SubstituteLogger.java:169] message sent
2022-06-18 15:47:07,752 INFO [simulation-thread-3] Playground [null:-1] provider_ready:rht-001:resourceHolon[9]
2022-06-18 15:47:07,753 INFO [simulation-thread-3] Playground [null:-1] end_service:rhm-001:productHolon[4]
2022-06-18 15:47:07,836 INFO [MQTT Call: rhm-001] p.n.p.h.MqttClient [SubstituteLogger.java:169]  Simple subscribe transition should be trigger now and process this s
2022-06-18 15:47:07,836 INFO [MQTT Call: rhm-001] p.n.p.h.MqttClient [SubstituteLogger.java:169] sending message to processor
2022-06-18 15:47:07,836 INFO [MQTT Call: rhm-001] p.n.p.h.MqttClient [SubstituteLogger.java:169] message sent
2022-06-18 15:47:08,038 INFO [MQTT Call: rhm-001] p.n.p.h.MqttClient [SubstituteLogger.java:169]  Simple subscribe transition should be trigger now and process this e
2022-06-18 15:47:08,038 INFO [MQTT Call: rhm-001] p.n.p.h.MqttClient [SubstituteLogger.java:169] sending message to processor
2022-06-18 15:47:08,038 INFO [MQTT Call: rhm-001] p.n.p.h.MqttClient [SubstituteLogger.java:169] message sent
2022-06-18 15:47:08,042 INFO [simulation-thread-3] Playground [null:-1] end_service:rhm-001:productHolon[4]
2022-06-18 15:47:08,050 INFO [simulation-thread-3] p.n.p.h.MqttClient [SubstituteLogger.java:169] Send 
	 message: 'unload' 
	 topic: com/nfriacowboy/presib/holon/mqtt/device/rhm-001
2022-06-18 15:47:08,050 INFO [simulation-thread-3] rhm-001 [SubstituteLogger.java:169] Publishing message: unload
2022-06-18 15:47:08,070 INFO [simulation-thread-3] rhm-001 [SubstituteLogger.java:169] message sent
2022-06-18 15:47:08,077 INFO [simulation-thread-3] Playground [null:-1] start_request_service:productHolon[4]:serv3
2022-06-18 15:47:08,080 INFO [simulation-thread-3] Playground [null:-1] end_request_service:productHolon[4]:serv3
2022-06-18 15:47:08,082 INFO [simulation-thread-3] Playground [null:-1] provider_service:rhm-001:serv3
2022-06-18 15:47:08,097 INFO [simulation-thread-3] Playground [null:-1] start_request_service:productHolon[4]:transport
2022-06-18 15:47:08,107 INFO [simulation-thread-3] Playground [null:-1] end_request_service:productHolon[4]:transport
2022-06-18 15:47:08,112 INFO [simulation-thread-3] Playground [null:-1] provider_service:rht-001:transport
2022-06-18 15:47:08,128 INFO [simulation-thread-3] p.n.p.h.MqttClient [SubstituteLogger.java:169] Send 
	 message: 'load' 
	 topic: com/nfriacowboy/presib/holon/mqtt/device/rht-001
2022-06-18 15:47:08,129 INFO [simulation-thread-3] rht-001 [SubstituteLogger.java:169] Publishing message: load
2022-06-18 15:47:08,156 INFO [simulation-thread-3] rht-001 [SubstituteLogger.java:169] message sent
2022-06-18 15:47:08,159 INFO [simulation-thread-3] Playground [null:-1] start_service:rht-001:productHolon[4]
2022-06-18 15:47:08,259 INFO [MQTT Call: rhm-001] p.n.p.h.MqttClient [SubstituteLogger.java:169]  Simple subscribe transition should be trigger now and process this u
2022-06-18 15:47:08,259 INFO [MQTT Call: rhm-001] p.n.p.h.MqttClient [SubstituteLogger.java:169] sending message to processor
2022-06-18 15:47:08,259 INFO [MQTT Call: rhm-001] p.n.p.h.MqttClient [SubstituteLogger.java:169] message sent
2022-06-18 15:47:08,263 INFO [simulation-thread-3] Playground [null:-1] provider_ready:rhm-001:resourceHolon[5]
2022-06-18 15:47:08,264 INFO [simulation-thread-3] p.n.p.h.MqttClient [SubstituteLogger.java:169] Send 
	 message: 'ready' 
	 topic: com/nfriacowboy/presib/holon/mqtt/device/rhm-001
2022-06-18 15:47:08,264 INFO [simulation-thread-3] rhm-001 [SubstituteLogger.java:169] Publishing message: ready
2022-06-18 15:47:08,288 INFO [simulation-thread-3] rhm-001 [SubstituteLogger.java:169] message sent
2022-06-18 15:47:08,434 INFO [MQTT Call: rht-001] p.n.p.h.MqttClient [SubstituteLogger.java:169]  Simple subscribe transition should be trigger now and process this l
2022-06-18 15:47:08,435 INFO [MQTT Call: rht-001] p.n.p.h.MqttClient [SubstituteLogger.java:169] sending message to processor
2022-06-18 15:47:08,435 INFO [MQTT Call: rht-001] p.n.p.h.MqttClient [SubstituteLogger.java:169] message sent
2022-06-18 15:47:08,438 INFO [simulation-thread-3] Playground [null:-1] start_service:rht-001:productHolon[4]
2022-06-18 15:47:08,439 INFO [simulation-thread-3] p.n.p.h.MqttClient [SubstituteLogger.java:169] Send 
	 message: 'start_service' 
	 topic: com/nfriacowboy/presib/holon/mqtt/device/rht-001
2022-06-18 15:47:08,439 INFO [simulation-thread-3] rht-001 [SubstituteLogger.java:169] Publishing message: start_service
2022-06-18 15:47:08,460 INFO [simulation-thread-3] rht-001 [SubstituteLogger.java:169] message sent
2022-06-18 15:47:08,464 INFO [simulation-thread-3] Playground [null:-1] provider_ready:rhm-001:resourceHolon[5]
2022-06-18 15:47:08,464 INFO [simulation-thread-3] Playground [null:-1] end_service:rht-001:productHolon[4]
2022-06-18 15:47:08,518 INFO [MQTT Call: rht-001] p.n.p.h.MqttClient [SubstituteLogger.java:169]  Simple subscribe transition should be trigger now and process this s
2022-06-18 15:47:08,519 INFO [MQTT Call: rht-001] p.n.p.h.MqttClient [SubstituteLogger.java:169] sending message to processor
2022-06-18 15:47:08,519 INFO [MQTT Call: rht-001] p.n.p.h.MqttClient [SubstituteLogger.java:169] message sent
2022-06-18 15:47:08,642 INFO [MQTT Call: rhm-001] p.n.p.h.MqttClient [SubstituteLogger.java:169]  Simple subscribe transition should be trigger now and process this r
2022-06-18 15:47:08,642 INFO [MQTT Call: rhm-001] p.n.p.h.MqttClient [SubstituteLogger.java:169] sending message to processor
2022-06-18 15:47:08,642 INFO [MQTT Call: rhm-001] p.n.p.h.MqttClient [SubstituteLogger.java:169] message sent
2022-06-18 15:47:08,647 INFO [simulation-thread-3] Playground [null:-1] provider_ready:rhm-001:resourceHolon[5]
2022-06-18 15:47:08,650 INFO [simulation-thread-3] Playground [null:-1] end_service:rht-001:productHolon[4]
2022-06-18 15:47:08,712 INFO [MQTT Call: rht-001] p.n.p.h.MqttClient [SubstituteLogger.java:169]  Simple subscribe transition should be trigger now and process this e
2022-06-18 15:47:08,713 INFO [MQTT Call: rht-001] p.n.p.h.MqttClient [SubstituteLogger.java:169] sending message to processor
2022-06-18 15:47:08,713 INFO [MQTT Call: rht-001] p.n.p.h.MqttClient [SubstituteLogger.java:169] message sent
2022-06-18 15:47:08,718 INFO [simulation-thread-3] Playground [null:-1] end_service:rht-001:productHolon[4]
2022-06-18 15:47:08,723 INFO [simulation-thread-3] p.n.p.h.MqttClient [SubstituteLogger.java:169] Send 
	 message: 'unload' 
	 topic: com/nfriacowboy/presib/holon/mqtt/device/rht-001
2022-06-18 15:47:08,725 INFO [simulation-thread-3] rht-001 [SubstituteLogger.java:169] Publishing message: unload
2022-06-18 15:47:08,747 INFO [simulation-thread-3] rht-001 [SubstituteLogger.java:169] message sent
2022-06-18 15:47:08,757 INFO [simulation-thread-3] p.n.p.h.MqttClient [SubstituteLogger.java:169] Send 
	 message: 'load' 
	 topic: com/nfriacowboy/presib/holon/mqtt/device/rhm-001
2022-06-18 15:47:08,758 INFO [simulation-thread-3] rhm-001 [SubstituteLogger.java:169] Publishing message: load
2022-06-18 15:47:08,779 INFO [simulation-thread-3] rhm-001 [SubstituteLogger.java:169] message sent
2022-06-18 15:47:08,898 INFO [MQTT Call: rht-001] p.n.p.h.MqttClient [SubstituteLogger.java:169]  Simple subscribe transition should be trigger now and process this u
2022-06-18 15:47:08,898 INFO [MQTT Call: rht-001] p.n.p.h.MqttClient [SubstituteLogger.java:169] sending message to processor
2022-06-18 15:47:08,899 INFO [MQTT Call: rht-001] p.n.p.h.MqttClient [SubstituteLogger.java:169] message sent
2022-06-18 15:47:08,904 INFO [simulation-thread-3] p.n.p.h.MqttClient [SubstituteLogger.java:169] Send 
	 message: 'ready' 
	 topic: com/nfriacowboy/presib/holon/mqtt/device/rht-001
2022-06-18 15:47:08,904 INFO [simulation-thread-3] rht-001 [SubstituteLogger.java:169] Publishing message: ready
2022-06-18 15:47:08,927 INFO [simulation-thread-3] rht-001 [SubstituteLogger.java:169] message sent
2022-06-18 15:47:09,052 INFO [MQTT Call: rhm-001] p.n.p.h.MqttClient [SubstituteLogger.java:169]  Simple subscribe transition should be trigger now and process this l
2022-06-18 15:47:09,052 INFO [MQTT Call: rhm-001] p.n.p.h.MqttClient [SubstituteLogger.java:169] sending message to processor
2022-06-18 15:47:09,052 INFO [MQTT Call: rhm-001] p.n.p.h.MqttClient [SubstituteLogger.java:169] message sent
2022-06-18 15:47:09,055 INFO [simulation-thread-3] Playground [null:-1] start_service:rhm-001:productHolon[4]
2022-06-18 15:47:09,056 INFO [simulation-thread-3] p.n.p.h.MqttClient [SubstituteLogger.java:169] Send 
	 message: 'start_service' 
	 topic: com/nfriacowboy/presib/holon/mqtt/device/rhm-001
2022-06-18 15:47:09,056 INFO [simulation-thread-3] rhm-001 [SubstituteLogger.java:169] Publishing message: start_service
2022-06-18 15:47:09,079 INFO [simulation-thread-3] rhm-001 [SubstituteLogger.java:169] message sent
2022-06-18 15:47:09,106 INFO [MQTT Call: rht-001] p.n.p.h.MqttClient [SubstituteLogger.java:169]  Simple subscribe transition should be trigger now and process this r
2022-06-18 15:47:09,106 INFO [MQTT Call: rht-001] p.n.p.h.MqttClient [SubstituteLogger.java:169] sending message to processor
2022-06-18 15:47:09,106 INFO [MQTT Call: rht-001] p.n.p.h.MqttClient [SubstituteLogger.java:169] message sent
2022-06-18 15:47:09,111 INFO [simulation-thread-3] Playground [null:-1] provider_ready:rht-001:resourceHolon[9]
2022-06-18 15:47:09,286 INFO [MQTT Call: rhm-001] p.n.p.h.MqttClient [SubstituteLogger.java:169]  Simple subscribe transition should be trigger now and process this s
2022-06-18 15:47:09,286 INFO [MQTT Call: rhm-001] p.n.p.h.MqttClient [SubstituteLogger.java:169] sending message to processor
2022-06-18 15:47:09,286 INFO [MQTT Call: rhm-001] p.n.p.h.MqttClient [SubstituteLogger.java:169] message sent
2022-06-18 15:47:09,363 INFO [MQTT Call: rhm-001] p.n.p.h.MqttClient [SubstituteLogger.java:169]  Simple subscribe transition should be trigger now and process this e
2022-06-18 15:47:09,364 INFO [MQTT Call: rhm-001] p.n.p.h.MqttClient [SubstituteLogger.java:169] sending message to processor
2022-06-18 15:47:09,364 INFO [MQTT Call: rhm-001] p.n.p.h.MqttClient [SubstituteLogger.java:169] message sent
2022-06-18 15:47:09,367 INFO [simulation-thread-3] Playground [null:-1] end_service:rhm-001:productHolon[4]
2022-06-18 15:47:09,370 INFO [simulation-thread-3] p.n.p.h.MqttClient [SubstituteLogger.java:169] Send 
	 message: 'unload' 
	 topic: com/nfriacowboy/presib/holon/mqtt/device/rhm-001
2022-06-18 15:47:09,371 INFO [simulation-thread-3] rhm-001 [SubstituteLogger.java:169] Publishing message: unload
2022-06-18 15:47:09,390 INFO [simulation-thread-3] rhm-001 [SubstituteLogger.java:169] message sent
2022-06-18 15:47:09,415 INFO [simulation-thread-3] Playground [null:-1] start_request_service:productHolon[4]:tr.warehouse
2022-06-18 15:47:09,418 INFO [simulation-thread-3] Playground [null:-1] end_request_service:productHolon[4]:tr.warehouse
2022-06-18 15:47:09,420 INFO [simulation-thread-3] Playground [null:-1] provider_service:rht-001:tr.warehouse
2022-06-18 15:47:09,425 INFO [simulation-thread-3] p.n.p.h.MqttClient [SubstituteLogger.java:169] Send 
	 message: 'load' 
	 topic: com/nfriacowboy/presib/holon/mqtt/device/rht-001
2022-06-18 15:47:09,426 INFO [simulation-thread-3] rht-001 [SubstituteLogger.java:169] Publishing message: load
2022-06-18 15:47:09,450 INFO [simulation-thread-3] rht-001 [SubstituteLogger.java:169] message sent
2022-06-18 15:47:09,561 INFO [MQTT Call: rht-001] p.n.p.h.MqttClient [SubstituteLogger.java:169]  Simple subscribe transition should be trigger now and process this l
2022-06-18 15:47:09,561 INFO [MQTT Call: rht-001] p.n.p.h.MqttClient [SubstituteLogger.java:169] sending message to processor
2022-06-18 15:47:09,561 INFO [MQTT Call: rht-001] p.n.p.h.MqttClient [SubstituteLogger.java:169] message sent
2022-06-18 15:47:09,564 INFO [simulation-thread-3] Playground [null:-1] start_service:rht-001:productHolon[4]
2022-06-18 15:47:09,565 INFO [simulation-thread-3] p.n.p.h.MqttClient [SubstituteLogger.java:169] Send 
	 message: 'start_service' 
	 topic: com/nfriacowboy/presib/holon/mqtt/device/rht-001
2022-06-18 15:47:09,566 INFO [simulation-thread-3] rht-001 [SubstituteLogger.java:169] Publishing message: start_service
2022-06-18 15:47:09,587 INFO [simulation-thread-3] rht-001 [SubstituteLogger.java:169] message sent
2022-06-18 15:47:09,591 INFO [simulation-thread-3] Playground [null:-1] end_service:rht-001:productHolon[4]
2022-06-18 15:47:09,593 INFO [MQTT Call: rhm-001] p.n.p.h.MqttClient [SubstituteLogger.java:169]  Simple subscribe transition should be trigger now and process this u
2022-06-18 15:47:09,593 INFO [MQTT Call: rhm-001] p.n.p.h.MqttClient [SubstituteLogger.java:169] sending message to processor
2022-06-18 15:47:09,593 INFO [MQTT Call: rhm-001] p.n.p.h.MqttClient [SubstituteLogger.java:169] message sent
2022-06-18 15:47:09,601 INFO [simulation-thread-3] p.n.p.h.MqttClient [SubstituteLogger.java:169] Send 
	 message: 'ready' 
	 topic: com/nfriacowboy/presib/holon/mqtt/device/rhm-001
2022-06-18 15:47:09,602 INFO [simulation-thread-3] rhm-001 [SubstituteLogger.java:169] Publishing message: ready
2022-06-18 15:47:09,621 INFO [simulation-thread-3] rhm-001 [SubstituteLogger.java:169] message sent
2022-06-18 15:47:09,642 INFO [MQTT Call: rht-001] p.n.p.h.MqttClient [SubstituteLogger.java:169]  Simple subscribe transition should be trigger now and process this s
2022-06-18 15:47:09,642 INFO [MQTT Call: rht-001] p.n.p.h.MqttClient [SubstituteLogger.java:169] sending message to processor
2022-06-18 15:47:09,642 INFO [MQTT Call: rht-001] p.n.p.h.MqttClient [SubstituteLogger.java:169] message sent
2022-06-18 15:47:09,836 INFO [MQTT Call: rht-001] p.n.p.h.MqttClient [SubstituteLogger.java:169]  Simple subscribe transition should be trigger now and process this e
2022-06-18 15:47:09,836 INFO [MQTT Call: rht-001] p.n.p.h.MqttClient [SubstituteLogger.java:169] sending message to processor
2022-06-18 15:47:09,836 INFO [MQTT Call: rht-001] p.n.p.h.MqttClient [SubstituteLogger.java:169] message sent
2022-06-18 15:47:09,840 INFO [simulation-thread-3] Playground [null:-1] end_service:rht-001:productHolon[4]
2022-06-18 15:47:09,850 INFO [MQTT Call: rhm-001] p.n.p.h.MqttClient [SubstituteLogger.java:169]  Simple subscribe transition should be trigger now and process this r
2022-06-18 15:47:09,850 INFO [MQTT Call: rhm-001] p.n.p.h.MqttClient [SubstituteLogger.java:169] sending message to processor
2022-06-18 15:47:09,850 INFO [MQTT Call: rhm-001] p.n.p.h.MqttClient [SubstituteLogger.java:169] message sent
2022-06-18 15:47:09,852 INFO [simulation-thread-3] p.n.p.h.MqttClient [SubstituteLogger.java:169] Send 
	 message: 'unload' 
	 topic: com/nfriacowboy/presib/holon/mqtt/device/rht-001
2022-06-18 15:47:09,853 INFO [simulation-thread-3] rht-001 [SubstituteLogger.java:169] Publishing message: unload
2022-06-18 15:47:09,883 INFO [simulation-thread-3] rht-001 [SubstituteLogger.java:169] message sent
2022-06-18 15:47:09,892 INFO [simulation-thread-3] Playground [null:-1] provider_ready:rhm-001:resourceHolon[5]
2022-06-18 15:47:10,085 INFO [MQTT Call: rht-001] p.n.p.h.MqttClient [SubstituteLogger.java:169]  Simple subscribe transition should be trigger now and process this u
2022-06-18 15:47:10,086 INFO [MQTT Call: rht-001] p.n.p.h.MqttClient [SubstituteLogger.java:169] sending message to processor
2022-06-18 15:47:10,086 INFO [MQTT Call: rht-001] p.n.p.h.MqttClient [SubstituteLogger.java:169] message sent
2022-06-18 15:47:10,090 INFO [simulation-thread-3] p.n.p.h.MqttClient [SubstituteLogger.java:169] Send 
	 message: 'ready' 
	 topic: com/nfriacowboy/presib/holon/mqtt/device/rht-001
2022-06-18 15:47:10,090 INFO [simulation-thread-3] rht-001 [SubstituteLogger.java:169] Publishing message: ready
2022-06-18 15:47:10,111 INFO [simulation-thread-3] rht-001 [SubstituteLogger.java:169] message sent
2022-06-18 15:47:10,336 INFO [MQTT Call: rht-001] p.n.p.h.MqttClient [SubstituteLogger.java:169]  Simple subscribe transition should be trigger now and process this r
2022-06-18 15:47:10,336 INFO [MQTT Call: rht-001] p.n.p.h.MqttClient [SubstituteLogger.java:169] sending message to processor
2022-06-18 15:47:10,336 INFO [MQTT Call: rht-001] p.n.p.h.MqttClient [SubstituteLogger.java:169] message sent
2022-06-18 15:47:10,339 INFO [simulation-thread-3] Playground [null:-1] provider_ready:rht-001:resourceHolon[9]
